[0921/140113.877:ERROR:process_reader_win.cc(123)] NtOpenThread: {Access Denied} A process has requested access to an object, but has not been granted those access rights. (0xc0000022)
[0921/140113.893:ERROR:process_reader_win.cc(123)] NtOpenThread: {Access Denied} A process has requested access to an object, but has not been granted those access rights. (0xc0000022)
[0921/140113.893:ERROR:process_reader_win.cc(123)] NtOpenThread: {Access Denied} A process has requested access to an object, but has not been granted those access rights. (0xc0000022)
[0921/140113.987:ERROR:exception_snapshot_win.cc(99)] thread ID 5632 not found in process
[0921/140113.893:ERROR:process_reader_win.cc(123)] NtOpenThread: {Access Denied} A process has requested access to an object, but has not been granted those access rights. (0xc0000022)
[0921/140113.987:ERROR:exception_snapshot_win.cc(99)] thread ID 8520 not found in process
[0921/140113.987:ERROR:exception_snapshot_win.cc(99)] thread ID 4092 not found in process
[0921/140113.987:ERROR:exception_snapshot_win.cc(99)] thread ID 6136 not found in process
[0921/140113.987:ERROR:scoped_process_suspend.cc(31)] NtSuspendProcess: An attempt was made to access an exiting process. (0xc000010a)
[0921/140113.987:ERROR:scoped_process_suspend.cc(40)] NtResumeProcess: An attempt was made to access an exiting process. (0xc000010a)
[0921/140113.987:ERROR:scoped_process_suspend.cc(40)] NtResumeProcess: An attempt was made to access an exiting process. (0xc000010a)
[0921/140113.987:ERROR:scoped_process_suspend.cc(31)] NtSuspendProcess: An attempt was made to access an exiting process. (0xc000010a)
[0921/140113.987:ERROR:process_info.cc(118)] ReadProcessMemory bool __cdecl crashpad::(anonymous namespace)::ReadStruct(HANDLE, crashpad::WinVMAddress, T *) [T = crashpad::process_types::PEB<crashpad::process_types::internal::Traits64>]: Only part of a ReadProcessMemory or WriteProcessMemory request was completed. (0x12B)
[0921/140113.987:ERROR:process_info.cc(551)] ReadProcessData failed
[0921/140113.987:ERROR:process_info.cc(118)] ReadProcessMemory bool __cdecl crashpad::(anonymous namespace)::ReadStruct(HANDLE, crashpad::WinVMAddress, T *) [T = crashpad::process_types::PEB<crashpad::process_types::internal::Traits64>]: Only part of a ReadProcessMemory or WriteProcessMemory request was completed. (0x12B)
[0921/140113.987:ERROR:process_info.cc(551)] ReadProcessData failed
[0921/140114.034:ERROR:process_reader_win.cc(123)] NtOpenThread: {Access Denied} A process has requested access to an object, but has not been granted those access rights. (0xc0000022)
[0921/140114.034:ERROR:exception_snapshot_win.cc(99)] thread ID 8860 not found in process
[0921/140114.034:ERROR:process_reader_win.cc(123)] NtOpenThread: {Access Denied} A process has requested access to an object, but has not been granted those access rights. (0xc0000022)
[0921/140114.034:ERROR:exception_snapshot_win.cc(99)] thread ID 4376 not found in process
[0921/140114.034:ERROR:process_reader_win.cc(123)] NtOpenThread: {Access Denied} A process has requested access to an object, but has not been granted those access rights. (0xc0000022)
[0921/140114.034:ERROR:exception_snapshot_win.cc(99)] thread ID 3412 not found in process
[0921/140114.034:ERROR:process_reader_win.cc(123)] NtOpenThread: {Access Denied} A process has requested access to an object, but has not been granted those access rights. (0xc0000022)
[0921/140114.034:ERROR:exception_snapshot_win.cc(99)] thread ID 6412 not found in process
